app/build/outputs/logs/manifest-merger-debug-report.txt
-- Merging decision tree log ---
manifest
ADDED from src/main/AndroidManifest.xml:2:1-337:12
INJECTED from src/main/AndroidManifest.xml:2:1-337:12
INJECTED from src/main/AndroidManifest.xml:2:1-337:12
MERGED from [com.android.databinding:adapters:3.2.1] AndroidManifest.xml:17:1-24:12
MERGED from [com.android.databinding:library:3.2.1] AndroidManifest.xml:17:1-24:12
MERGED from [com.android.support:design:28.0.0] AndroidManifest.xml:17:1-24:12
MERGED from [com.android.support.constraint:constraint-layout:2.0.0-alpha2] AndroidManifest.xml:2:1-11:12
MERGED from [com.android.support:appcompat-v7:28.0.0] AndroidManifest.xml:17:1-22:12
MERGED from [com.android.support:recyclerview-v7:28.0.0] AndroidManifest.xml:17:1-22:12
MERGED from [jp.wasabeef:glide-transformations:2.0.1] AndroidManifest.xml:2:1-12:12
MERGED from [com.github.bumptech.glide:okhttp3-integration:1.4.0] AndroidManifest.xml:2:1-17:12
MERGED from [com.huxq17.xrefreshview:xrefreshview:3.5.6] AndroidManifest.xml:2:1-12:12
MERGED from [com.journeyapps:zxing-android-embedded:3.3.0] AndroidManifest.xml:17:1-55:12
MERGED from [cn.jiguang.sdk:jpush:3.0.3] AndroidManifest.xml:2:1-130:12
MERGED from [cn.jiguang.sdk:jcore:1.1.1] AndroidManifest.xml:2:1-14:12
MERGED from [com.android.support:support-fragment:28.0.0] AndroidManifest.xml:17:1-22:12
MERGED from [com.android.support:animated-vector-drawable:28.0.0] AndroidManifest.xml:17:1-22:12
MERGED from [com.android.support:support-core-ui:28.0.0] AndroidManifest.xml:17:1-22:12
MERGED from [com.android.support:transition:28.0.0] AndroidManifest.xml:17:1-22:12
MERGED from [com.android.support:support-core-utils:28.0.0] AndroidManifest.xml:17:1-22:12
MERGED from [com.android.support:loader:28.0.0] AndroidManifest.xml:17:1-22:12
MERGED from [com.android.support:viewpager:28.0.0] AndroidManifest.xml:17:1-22:12
MERGED from [com.android.support:coordinatorlayout:28.0.0] AndroidManifest.xml:17:1-22:12
MERGED from [com.android.support:drawerlayout:28.0.0] AndroidManifest.xml:17:1-22:12
MERGED from [com.android.support:slidingpanelayout:28.0.0] AndroidManifest.xml:17:1-22:12
MERGED from [com.android.support:customview:28.0.0] AndroidManifest.xml:17:1-22:12
MERGED from [com.android.support:swiperefreshlayout:28.0.0] AndroidManifest.xml:17:1-22:12
MERGED from [com.android.support:asynclayoutinflater:28.0.0] AndroidManifest.xml:17:1-22:12
MERGED from [com.android.support:support-vector-drawable:28.0.0] AndroidManifest.xml:17:1-22:12
MERGED from [com.android.support:support-compat:28.0.0] AndroidManifest.xml:17:1-24:12
MERGED from [android.arch.lifecycle:runtime:1.1.1] AndroidManifest.xml:17:1-22:12
MERGED from [com.android.support:versionedparcelable:28.0.0] AndroidManifest.xml:17:1-25:12
MERGED from [com.android.support:cardview-v7:28.0.0] AndroidManifest.xml:17:1-22:12
MERGED from [android.arch.lifecycle:viewmodel:1.1.1] AndroidManifest.xml:17:1-22:12
MERGED from [com.android.support:interpolator:28.0.0] AndroidManifest.xml:17:1-22:12
MERGED from [com.android.support:cursoradapter:28.0.0] AndroidManifest.xml:17:1-22:12
MERGED from [android.arch.lifecycle:livedata:1.1.1] AndroidManifest.xml:17:1-22:12
MERGED from [android.arch.lifecycle:livedata-core:1.1.1] AndroidManifest.xml:17:1-22:12
MERGED from [android.arch.core:runtime:1.1.1] AndroidManifest.xml:17:1-22:12
MERGED from [com.android.support:documentfile:28.0.0] AndroidManifest.xml:17:1-22:12
MERGED from [com.android.support:localbroadcastmanager:28.0.0] AndroidManifest.xml:17:1-22:12
MERGED from [com.android.support:print:28.0.0] AndroidManifest.xml:17:1-22:12
INJECTED from src/main/AndroidManifest.xml:2:1-337:12
INJECTED from src/main/AndroidManifest.xml:2:1-337:12
	package
		ADDED from src/main/AndroidManifest.xml:4:5-43
		INJECTED from src/main/AndroidManifest.xml
		INJECTED from src/main/AndroidManifest.xml
	android:versionName
		INJECTED from src/main/AndroidManifest.xml
		ADDED from src/main/AndroidManifest.xml:2:1-337:12
		INJECTED from src/main/AndroidManifest.xml
	xmlns:tools
		ADDED from src/main/AndroidManifest.xml:3:5-51
	xmlns:android
		ADDED from src/main/AndroidManifest.xml:2:11-69
application
ADDED from src/main/AndroidManifest.xml:7:5-288:19
MERGED from [com.android.support:design:28.0.0] AndroidManifest.xml:22:5-20
MERGED from [com.android.support:design:28.0.0] AndroidManifest.xml:22:5-20
MERGED from [com.android.support.constraint:constraint-layout:2.0.0-alpha2] AndroidManifest.xml:9:5-20
MERGED from [com.android.support.constraint:constraint-layout:2.0.0-alpha2] AndroidManifest.xml:9:5-20
MERGED from [com.github.bumptech.glide:okhttp3-integration:1.4.0] AndroidManifest.xml:11:5-15:19
MERGED from [com.github.bumptech.glide:okhttp3-integration:1.4.0] AndroidManifest.xml:11:5-15:19
MERGED from [com.journeyapps:zxing-android-embedded:3.3.0] AndroidManifest.xml:45:5-53:19
MERGED from [com.journeyapps:zxing-android-embedded:3.3.0] AndroidManifest.xml:45:5-53:19
MERGED from [cn.jiguang.sdk:jpush:3.0.3] AndroidManifest.xml:37:5-128:19
MERGED from [cn.jiguang.sdk:jpush:3.0.3] AndroidManifest.xml:37:5-128:19
MERGED from [cn.jiguang.sdk:jcore:1.1.1] AndroidManifest.xml:11:5-12:19
MERGED from [cn.jiguang.sdk:jcore:1.1.1] AndroidManifest.xml:11:5-12:19
MERGED from [com.android.support:support-compat:28.0.0] AndroidManifest.xml:22:5-94
MERGED from [com.android.support:support-compat:28.0.0] AndroidManifest.xml:22:5-94
MERGED from [com.android.support:versionedparcelable:28.0.0] AndroidManifest.xml:22:5-23:19
MERGED from [com.android.support:versionedparcelable:28.0.0] AndroidManifest.xml:22:5-23:19
	android:appComponentFactory
		ADDED from [com.android.support:support-compat:28.0.0] AndroidManifest.xml:22:18-91
	android:label
		ADDED from src/main/AndroidManifest.xml:11:9-41
	android:icon
		ADDED from src/main/AndroidManifest.xml:10:9-41
	android:allowBackup
		ADDED from src/main/AndroidManifest.xml:9:9-35
	android:theme
		ADDED from src/main/AndroidManifest.xml:12:9-40
	android:name
		ADDED from src/main/AndroidManifest.xml:8:9-62
provider#android.support.v4.content.FileProvider
ADDED from src/main/AndroidManifest.xml:13:9-21:20
	android:grantUriPermissions
		ADDED from src/main/AndroidManifest.xml:17:13-47
	android:authorities
		ADDED from src/main/AndroidManifest.xml:15:13-63
	android:exported
		ADDED from src/main/AndroidManifest.xml:16:13-37
	android:name
		ADDED from src/main/AndroidManifest.xml:14:13-67
meta-data#android.support.FILE_PROVIDER_PATHS
ADDED from src/main/AndroidManifest.xml:18:13-20:54
	android:resource
		ADDED from src/main/AndroidManifest.xml:20:17-51
	android:name
		ADDED from src/main/AndroidManifest.xml:19:17-67
service#cn.jpush.android.service.PushService
ADDED from src/main/AndroidManifest.xml:22:9-25:36
REJECTED from [cn.jiguang.sdk:jpush:3.0.3] AndroidManifest.xml:66:9-77:19
	tools:node
		ADDED from src/main/AndroidManifest.xml:25:13-33
	android:process
		ADDED from src/main/AndroidManifest.xml:24:13-44
	android:name
		ADDED from src/main/AndroidManifest.xml:23:13-64
meta-data#TencentMapSDK
ADDED from src/main/AndroidManifest.xml:28:9-30:67
	android:value
		ADDED from src/main/AndroidManifest.xml:30:13-64
	android:name
		ADDED from src/main/AndroidManifest.xml:29:13-41
activity#com.sevensevenlife.view.Mian.WelcomeActivity
ADDED from src/main/AndroidManifest.xml:32:9-42:20
	android:screenOrientation
		ADDED from src/main/AndroidManifest.xml:36:13-49
	android:label
		ADDED from src/main/AndroidManifest.xml:35:13-45
	android:name
		ADDED from src/main/AndroidManifest.xml:34:13-72
intent-filter#action:name:android.intent.action.MAIN+category:name:android.intent.category.LAUNCHER
ADDED from src/main/AndroidManifest.xml:37:13-41:29
action#android.intent.action.MAIN
ADDED from src/main/AndroidManifest.xml:38:17-69
	android:name
		ADDED from src/main/AndroidManifest.xml:38:25-66
category#android.intent.category.LAUNCHER
ADDED from src/main/AndroidManifest.xml:40:17-77
	android:name
		ADDED from src/main/AndroidManifest.xml:40:27-74
receiver#com.example.youxiangshenghuo.AppRegister
ADDED from src/main/AndroidManifest.xml:43:9-49:20
	android:permission
		ADDED from src/main/AndroidManifest.xml:45:13-71
	android:name
		ADDED from src/main/AndroidManifest.xml:44:13-40
intent-filter#action:name:com.tencent.mm.plugin.openapi.Intent.ACTION_REFRESH_WXAPP
ADDED from src/main/AndroidManifest.xml:46:13-48:29
action#com.tencent.mm.plugin.openapi.Intent.ACTION_REFRESH_WXAPP
ADDED from src/main/AndroidManifest.xml:47:17-100
	android:name
		ADDED from src/main/AndroidManifest.xml:47:25-97
activity#com.sevensevenlife.view.Home.MyHome.UpRepairActivity
ADDED from src/main/AndroidManifest.xml:51:9-53:52
	android:screenOrientation
		ADDED from src/main/AndroidManifest.xml:53:13-49
	android:name
		ADDED from src/main/AndroidManifest.xml:52:13-80
activity#com.sevensevenlife.view.Home.MyHome.CommuntySuggestioinActivity
ADDED from src/main/AndroidManifest.xml:54:9-56:52
	android:screenOrientation
		ADDED from src/main/AndroidManifest.xml:56:13-49
	android:name
		ADDED from src/main/AndroidManifest.xml:55:13-91
activity#com.sevensevenlife.view.custumview.PushWebActivity
ADDED from src/main/AndroidManifest.xml:57:9-59:52
	android:screenOrientation
		ADDED from src/main/AndroidManifest.xml:59:13-49
	android:name
		ADDED from src/main/AndroidManifest.xml:58:13-78
activity#com.sevensevenlife.view.Find.CdyeeMessageListActivity
ADDED from src/main/AndroidManifest.xml:60:9-62:52
	android:screenOrientation
		ADDED from src/main/AndroidManifest.xml:62:13-49
	android:name
		ADDED from src/main/AndroidManifest.xml:61:13-81
activity#com.sevensevenlife.view.Find.LeavingMessageActivity
ADDED from src/main/AndroidManifest.xml:63:9-65:52
	android:screenOrientation
		ADDED from src/main/AndroidManifest.xml:65:13-49
	android:name
		ADDED from src/main/AndroidManifest.xml:64:13-79
activity#com.sevensevenlife.view.Order.PayActivity
ADDED from src/main/AndroidManifest.xml:67:9-69:52
	android:screenOrientation
		ADDED from src/main/AndroidManifest.xml:69:13-49
	android:name
		ADDED from src/main/AndroidManifest.xml:68:13-69
activity#com.sevensevenlife.view.Home.NewsActivity
ADDED from src/main/AndroidManifest.xml:71:9-73:52
	android:screenOrientation
		ADDED from src/main/AndroidManifest.xml:73:13-49
	android:name
		ADDED from src/main/AndroidManifest.xml:72:13-69
activity#com.example.youxiangshenghuo.wxapi.WXEntryActivity
ADDED from src/main/AndroidManifest.xml:75:9-59
	android:name
		ADDED from src/main/AndroidManifest.xml:75:19-56
activity#com.sevensevenlife.view.Home.MyHome.StaffListActivity
ADDED from src/main/AndroidManifest.xml:77:9-79:52
	android:screenOrientation
		ADDED from src/main/AndroidManifest.xml:79:13-49
	android:name
		ADDED from src/main/AndroidManifest.xml:78:13-81
activity#com.sevensevenlife.view.Home.MyHome.VoteDetailActivity
ADDED from src/main/AndroidManifest.xml:80:9-82:52
	android:screenOrientation
		ADDED from src/main/AndroidManifest.xml:82:13-49
	android:name
		ADDED from src/main/AndroidManifest.xml:81:13-82
activity#com.sevensevenlife.view.Home.MyHome.VoteListActivity
ADDED from src/main/AndroidManifest.xml:83:9-85:52
	android:screenOrientation
		ADDED from src/main/AndroidManifest.xml:85:13-49
	android:name
		ADDED from src/main/AndroidManifest.xml:84:13-80
activity#com.sevensevenlife.view.Home.MyHome.MsgDetailsActivity
ADDED from src/main/AndroidManifest.xml:86:9-88:52
	android:screenOrientation
		ADDED from src/main/AndroidManifest.xml:88:13-49
	android:name
		ADDED from src/main/AndroidManifest.xml:87:13-82
activity#com.sevensevenlife.view.Home.MyHome.MsgActivity
ADDED from src/main/AndroidManifest.xml:89:9-91:52
	android:screenOrientation
		ADDED from src/main/AndroidManifest.xml:91:13-49
	android:name
		ADDED from src/main/AndroidManifest.xml:90:13-75
activity#com.sevensevenlife.view.Home.MyHome.HomeBusinessActivity
ADDED from src/main/AndroidManifest.xml:92:9-94:52
	android:screenOrientation
		ADDED from src/main/AndroidManifest.xml:94:13-49
	android:name
		ADDED from src/main/AndroidManifest.xml:93:13-84
activity#com.sevensevenlife.view.Home.MyHome.MyHomeActivity
ADDED from src/main/AndroidManifest.xml:95:9-97:52
	android:screenOrientation
		ADDED from src/main/AndroidManifest.xml:97:13-49
	android:name
		ADDED from src/main/AndroidManifest.xml:96:13-78
activity#com.sevensevenlife.view.Home.MyHome.MyHomeHomeActivity
ADDED from src/main/AndroidManifest.xml:98:9-100:52
	android:screenOrientation
		ADDED from src/main/AndroidManifest.xml:100:13-49
	android:name
		ADDED from src/main/AndroidManifest.xml:99:13-82
activity#com.sevensevenlife.view.User.CouponListActivity
ADDED from src/main/AndroidManifest.xml:101:9-103:52
	android:screenOrientation
		ADDED from src/main/AndroidManifest.xml:103:13-49
	android:name
		ADDED from src/main/AndroidManifest.xml:102:13-75
activity#com.sevensevenlife.view.Home.SevenServiceDetailActivity
ADDED from src/main/AndroidManifest.xml:104:9-106:52
	android:screenOrientation
		ADDED from src/main/AndroidManifest.xml:106:13-49
	android:name
		ADDED from src/main/AndroidManifest.xml:105:13-83
activity#com.sevensevenlife.view.Find.RidingRankingActivity
ADDED from src/main/AndroidManifest.xml:107:9-109:52
	android:screenOrientation
		ADDED from src/main/AndroidManifest.xml:109:13-49
	android:name
		ADDED from src/main/AndroidManifest.xml:108:13-78
activity#com.sevensevenlife.view.Find.ComprehensiveActivity
ADDED from src/main/AndroidManifest.xml:110:9-112:52
	android:screenOrientation
		ADDED from src/main/AndroidManifest.xml:112:13-49
	android:name
		ADDED from src/main/AndroidManifest.xml:111:13-78
activity#com.sevensevenlife.view.Find.InvitationCourtesyActivity
ADDED from src/main/AndroidManifest.xml:113:9-115:52
	android:screenOrientation
		ADDED from src/main/AndroidManifest.xml:115:13-49
	android:name
		ADDED from src/main/AndroidManifest.xml:114:13-83
activity#com.sevensevenlife.view.Find.CircleOfFriendsActivity
ADDED from src/main/AndroidManifest.xml:116:9-118:52
	android:screenOrientation
		ADDED from src/main/AndroidManifest.xml:118:13-49
	android:name
		ADDED from src/main/AndroidManifest.xml:117:13-80
activity#com.sevensevenlife.view.custumview.zxing.CaptureActivity
ADDED from src/main/AndroidManifest.xml:119:9-121:52
	android:screenOrientation
		ADDED from src/main/AndroidManifest.xml:121:13-49
	android:name
		ADDED from src/main/AndroidManifest.xml:120:13-84
activity#com.sevensevenlife.view.Mian.MainActivityLp
ADDED from src/main/AndroidManifest.xml:122:9-124:52
	android:screenOrientation
		ADDED from src/main/AndroidManifest.xml:124:13-49
	android:name
		ADDED from src/main/AndroidManifest.xml:123:13-71
activity#com.sevensevenlife.view.custumview.LpWebActivity
ADDED from src/main/AndroidManifest.xml:125:9-127:52
	android:screenOrientation
		ADDED from src/main/AndroidManifest.xml:127:13-49
	android:name
		ADDED from src/main/AndroidManifest.xml:126:13-76
activity#com.sevensevenlife.view.Home.PublicBicycle.BalanceActivity
ADDED from src/main/AndroidManifest.xml:128:9-130:52
	android:screenOrientation
		ADDED from src/main/AndroidManifest.xml:130:13-49
	android:name
		ADDED from src/main/AndroidManifest.xml:129:13-86
activity#com.sevensevenlife.view.Home.PublicBicycle.BicycleHomeActivity
ADDED from src/main/AndroidManifest.xml:131:9-133:52
	android:screenOrientation
		ADDED from src/main/AndroidManifest.xml:133:13-49
	android:name
		ADDED from src/main/AndroidManifest.xml:132:13-90
activity#com.sevensevenlife.view.Home.PublicBicycle.CarRentalActivity
ADDED from src/main/AndroidManifest.xml:134:9-136:52
	android:screenOrientation
		ADDED from src/main/AndroidManifest.xml:136:13-49
	android:name
		ADDED from src/main/AndroidManifest.xml:135:13-88
activity#com.sevensevenlife.view.Home.PublicBicycle.FaultRepairActivity
ADDED from src/main/AndroidManifest.xml:137:9-139:52
	android:screenOrientation
		ADDED from src/main/AndroidManifest.xml:139:13-49
	android:name
		ADDED from src/main/AndroidManifest.xml:138:13-90
activity#com.sevensevenlife.view.Home.PublicBicycle.EditUserInfoActivity
ADDED from src/main/AndroidManifest.xml:140:9-142:52
	android:screenOrientation
		ADDED from src/main/AndroidManifest.xml:142:13-49
	android:name
		ADDED from src/main/AndroidManifest.xml:141:13-91
activity#com.sevensevenlife.view.Home.PublicBicycle.LoseCarActivity
ADDED from src/main/AndroidManifest.xml:143:9-145:52
	android:screenOrientation
		ADDED from src/main/AndroidManifest.xml:145:13-49
	android:name
		ADDED from src/main/AndroidManifest.xml:144:13-86
activity#com.sevensevenlife.view.Mian.AdvertisementActivity
ADDED from src/main/AndroidManifest.xml:148:9-87
	android:name
		ADDED from src/main/AndroidManifest.xml:148:19-84
activity#com.sevensevenlife.view.Home.LocationAgainActivity
ADDED from src/main/AndroidManifest.xml:150:9-152:52
	android:screenOrientation
		ADDED from src/main/AndroidManifest.xml:152:13-49
	android:name
		ADDED from src/main/AndroidManifest.xml:151:13-78
activity#com.sevensevenlife.view.User.LoginActivity
ADDED from src/main/AndroidManifest.xml:153:9-79
	android:name
		ADDED from src/main/AndroidManifest.xml:153:19-76
activity#com.sevensevenlife.view.User.RegisterActivity
ADDED from src/main/AndroidManifest.xml:154:9-156:52
	android:screenOrientation
		ADDED from src/main/AndroidManifest.xml:156:13-49
	android:name
		ADDED from src/main/AndroidManifest.xml:155:13-73
activity#com.example.youxiangshenghuo.PaoTuiInfoActivity
ADDED from src/main/AndroidManifest.xml:158:9-160:52
	android:screenOrientation
		ADDED from src/main/AndroidManifest.xml:160:13-49
	android:name
		ADDED from src/main/AndroidManifest.xml:159:13-75
activity#com.sevensevenlife.view.User.MyInfoActivity
ADDED from src/main/AndroidManifest.xml:163:9-165:52
	android:screenOrientation
		ADDED from src/main/AndroidManifest.xml:165:13-49
	android:name
		ADDED from src/main/AndroidManifest.xml:164:13-71
activity#com.example.youxiangshenghuo.YuYueActivity
ADDED from src/main/AndroidManifest.xml:167:9-169:52
	android:screenOrientation
		ADDED from src/main/AndroidManifest.xml:169:13-49
	android:name
		ADDED from src/main/AndroidManifest.xml:168:13-70
activity#com.sevensevenlife.view.User.SheZhiActivity
ADDED from src/main/AndroidManifest.xml:171:9-173:52
	android:screenOrientation
		ADDED from src/main/AndroidManifest.xml:173:13-49
	android:name
		ADDED from src/main/AndroidManifest.xml:172:13-71
activity#com.sevensevenlife.view.User.ForgetPasswordActivity
ADDED from src/main/AndroidManifest.xml:174:9-176:52
	android:screenOrientation
		ADDED from src/main/AndroidManifest.xml:176:13-49
	android:name
		ADDED from src/main/AndroidManifest.xml:175:13-79
activity#com.sevensevenlife.view.User.SuggestioinActivity
ADDED from src/main/AndroidManifest.xml:177:9-179:52
	android:screenOrientation
		ADDED from src/main/AndroidManifest.xml:179:13-49
	android:name
		ADDED from src/main/AndroidManifest.xml:178:13-76
activity#com.sevensevenlife.view.Home.CommentListActivity
ADDED from src/main/AndroidManifest.xml:180:9-182:52
	android:screenOrientation
		ADDED from src/main/AndroidManifest.xml:182:13-49
	android:name
		ADDED from src/main/AndroidManifest.xml:181:13-76
activity#com.sevensevenlife.view.Order.PingFenActivity
ADDED from src/main/AndroidManifest.xml:184:9-186:52
	android:screenOrientation
		ADDED from src/main/AndroidManifest.xml:186:13-49
	android:name
		ADDED from src/main/AndroidManifest.xml:185:13-73
activity#com.sevensevenlife.view.User.CollectListActivity
ADDED from src/main/AndroidManifest.xml:188:9-190:52
	android:screenOrientation
		ADDED from src/main/AndroidManifest.xml:190:13-49
	android:name
		ADDED from src/main/AndroidManifest.xml:189:13-76
activity#com.sevensevenlife.view.User.AboutOurActivity
ADDED from src/main/AndroidManifest.xml:192:9-194:52
	android:screenOrientation
		ADDED from src/main/AndroidManifest.xml:194:13-49
	android:name
		ADDED from src/main/AndroidManifest.xml:193:13-73
activity#com.example.youxiangshenghuo.CancleOrderActivity
ADDED from src/main/AndroidManifest.xml:196:9-198:52
	android:screenOrientation
		ADDED from src/main/AndroidManifest.xml:198:13-49
	android:name
		ADDED from src/main/AndroidManifest.xml:197:13-76
activity#com.sevensevenlife.view.custumview.WebViewInfoActivity
ADDED from src/main/AndroidManifest.xml:200:9-202:52
	android:screenOrientation
		ADDED from src/main/AndroidManifest.xml:202:13-49
	android:name
		ADDED from src/main/AndroidManifest.xml:201:13-82
activity#com.sevensevenlife.view.Home.AppMsg.AppMsgActivity
ADDED from src/main/AndroidManifest.xml:204:9-206:52
	android:screenOrientation
		ADDED from src/main/AndroidManifest.xml:206:13-49
	android:name
		ADDED from src/main/AndroidManifest.xml:205:13-78
activity#com.sevensevenlife.view.Home.MoreActivity
ADDED from src/main/AndroidManifest.xml:208:9-210:52
	android:screenOrientation
		ADDED from src/main/AndroidManifest.xml:210:13-49
	android:name
		ADDED from src/main/AndroidManifest.xml:209:13-69
activity#com.example.youxiangshenghuo.DingDanInfo2Activity
ADDED from src/main/AndroidManifest.xml:212:9-214:52
	android:screenOrientation
		ADDED from src/main/AndroidManifest.xml:214:13-49
	android:name
		ADDED from src/main/AndroidManifest.xml:213:13-77
activity#com.sevensevenlife.view.Home.SevenServiceActivity
ADDED from src/main/AndroidManifest.xml:216:9-218:52
	android:screenOrientation
		ADDED from src/main/AndroidManifest.xml:218:13-49
	android:name
		ADDED from src/main/AndroidManifest.xml:217:13-77
activity#com.sevensevenlife.view.Home.MyHome.PostActivity
ADDED from src/main/AndroidManifest.xml:219:9-221:52
	android:screenOrientation
		ADDED from src/main/AndroidManifest.xml:221:13-49
	android:name
		ADDED from src/main/AndroidManifest.xml:220:13-76
activity#com.sevensevenlife.view.Home.MyHome.BbsListActivity
ADDED from src/main/AndroidManifest.xml:223:9-225:52
	android:screenOrientation
		ADDED from src/main/AndroidManifest.xml:225:13-49
	android:name
		ADDED from src/main/AndroidManifest.xml:224:13-79
activity#com.sevensevenlife.view.Home.MyHome.BbsDetailsActivity
ADDED from src/main/AndroidManifest.xml:226:9-228:52
	android:screenOrientation
		ADDED from src/main/AndroidManifest.xml:228:13-49
	android:name
		ADDED from src/main/AndroidManifest.xml:227:13-82
activity#com.sevensevenlife.view.custumview.ImageViewActivity
ADDED from src/main/AndroidManifest.xml:229:9-231:52
	android:screenOrientation
		ADDED from src/main/AndroidManifest.xml:231:13-49
	android:name
		ADDED from src/main/AndroidManifest.xml:230:13-80
activity#com.sevensevenlife.view.Home.MyHome.AllCommentActivity
ADDED from src/main/AndroidManifest.xml:232:9-234:52
	android:screenOrientation
		ADDED from src/main/AndroidManifest.xml:234:13-49
	android:name
		ADDED from src/main/AndroidManifest.xml:233:13-82
activity#com.alipay.sdk.pay.PayDemoActivity
ADDED from src/main/AndroidManifest.xml:239:9-241:52
	android:screenOrientation
		ADDED from src/main/AndroidManifest.xml:241:13-49
	android:name
		ADDED from src/main/AndroidManifest.xml:240:13-62
activity#com.alipay.sdk.app.H5PayActivity
ADDED from src/main/AndroidManifest.xml:243:9-247:50
	android:screenOrientation
		ADDED from src/main/AndroidManifest.xml:247:13-47
	android:exported
		ADDED from src/main/AndroidManifest.xml:246:13-37
	android:configChanges
		ADDED from src/main/AndroidManifest.xml:245:13-74
	android:name
		ADDED from src/main/AndroidManifest.xml:244:13-60
activity#com.alipay.sdk.auth.AuthActivity
ADDED from src/main/AndroidManifest.xml:248:9-252:50
	android:screenOrientation
		ADDED from src/main/AndroidManifest.xml:252:13-47
	android:exported
		ADDED from src/main/AndroidManifest.xml:251:13-37
	android:configChanges
		ADDED from src/main/AndroidManifest.xml:250:13-74
	android:name
		ADDED from src/main/AndroidManifest.xml:249:13-60
activity#com.example.jpushdemo.JpushActivity
ADDED from src/main/AndroidManifest.xml:256:9-72
	android:name
		ADDED from src/main/AndroidManifest.xml:256:19-69
activity#com.sevensevenlife.view.Home.MyCommunity.CommunityHomeActivity
ADDED from src/main/AndroidManifest.xml:260:9-262:52
	android:screenOrientation
		ADDED from src/main/AndroidManifest.xml:262:13-49
	android:name
		ADDED from src/main/AndroidManifest.xml:261:13-90
activity#com.sevensevenlife.view.Home.MyCommunity.AuthenticationActivity
ADDED from src/main/AndroidManifest.xml:263:9-265:52
	android:screenOrientation
		ADDED from src/main/AndroidManifest.xml:265:13-49
	android:name
		ADDED from src/main/AndroidManifest.xml:264:13-91
activity#com.sevensevenlife.view.Home.MyCommunity.CaptureActivity
ADDED from src/main/AndroidManifest.xml:266:9-93
	android:name
		ADDED from src/main/AndroidManifest.xml:266:19-90
activity#com.sevensevenlife.view.Home.MyCommunity.MyCommunityListActivity
ADDED from src/main/AndroidManifest.xml:267:9-101
	android:name
		ADDED from src/main/AndroidManifest.xml:267:19-98
activity#com.sevensevenlife.view.Home.MyCommunity.OtherCommunityListActivity
ADDED from src/main/AndroidManifest.xml:268:9-104
	android:name
		ADDED from src/main/AndroidManifest.xml:268:19-101
activity#com.sevensevenlife.view.Home.MyCommunity.NoticeListActivity
ADDED from src/main/AndroidManifest.xml:269:9-96
	android:name
		ADDED from src/main/AndroidManifest.xml:269:19-93
receiver#com.example.jpushdemo.MyReceiver
ADDED from src/main/AndroidManifest.xml:273:9-286:20
	android:enabled
		ADDED from src/main/AndroidManifest.xml:275:13-35
	android:exported
		ADDED from src/main/AndroidManifest.xml:276:13-37
	android:name
		ADDED from src/main/AndroidManifest.xml:274:13-60
intent-filter#action:name:cn.jpush.android.intent.ACTION_RICHPUSH_CALLBACK+action:name:cn.jpush.android.intent.CONNECTION+action:name:cn.jpush.android.intent.MESSAGE_RECEIVED+action:name:cn.jpush.android.intent.NOTIFICATION_OPENED+action:name:cn.jpush.android.intent.NOTIFICATION_RECEIVED+action:name:cn.jpush.android.intent.REGISTRATION+category:name:com.example.youxiangshenghuo
ADDED from src/main/AndroidManifest.xml:277:13-285:29
action#cn.jpush.android.intent.REGISTRATION
ADDED from src/main/AndroidManifest.xml:278:17-79
	android:name
		ADDED from src/main/AndroidManifest.xml:278:25-76
action#cn.jpush.android.intent.MESSAGE_RECEIVED
ADDED from src/main/AndroidManifest.xml:279:17-83
	android:name
		ADDED from src/main/AndroidManifest.xml:279:25-80
action#cn.jpush.android.intent.NOTIFICATION_RECEIVED
ADDED from src/main/AndroidManifest.xml:280:17-88
	android:name
		ADDED from src/main/AndroidManifest.xml:280:25-85
action#cn.jpush.android.intent.NOTIFICATION_OPENED
ADDED from src/main/AndroidManifest.xml:281:17-86
	android:name
		ADDED from src/main/AndroidManifest.xml:281:25-83
action#cn.jpush.android.intent.ACTION_RICHPUSH_CALLBACK
ADDED from src/main/AndroidManifest.xml:282:17-91
	android:name
		ADDED from src/main/AndroidManifest.xml:282:25-88
action#cn.jpush.android.intent.CONNECTION
ADDED from src/main/AndroidManifest.xml:283:17-77
	android:name
		ADDED from src/main/AndroidManifest.xml:283:25-74
category#com.example.youxiangshenghuo
ADDED from src/main/AndroidManifest.xml:284:17-73
	android:name
		ADDED from src/main/AndroidManifest.xml:284:27-70
uses-permission#android.permission.READ_PHONE_STATE
ADDED from src/main/AndroidManifest.xml:291:5-75
MERGED from [cn.jiguang.sdk:jpush:3.0.3] AndroidManifest.xml:20:5-75
MERGED from [cn.jiguang.sdk:jpush:3.0.3] AndroidManifest.xml:20:5-75
	android:name
		ADDED from src/main/AndroidManifest.xml:291:22-72
uses-permission#android.permission.CHANGE_CONFIGURATION
ADDED from src/main/AndroidManifest.xml:294:5-79
	android:name
		ADDED from src/main/AndroidManifest.xml:294:22-76
uses-permission#android.permission.CALL_PHONE
ADDED from src/main/AndroidManifest.xml:295:5-69
	android:name
		ADDED from src/main/AndroidManifest.xml:295:22-66
uses-permission#android.permission.SEND_SMS
ADDED from src/main/AndroidManifest.xml:296:5-67
	android:name
		ADDED from src/main/AndroidManifest.xml:296:22-64
uses-permission#android.permission.READ_SMS
ADDED from src/main/AndroidManifest.xml:297:5-67
	android:name
		ADDED from src/main/AndroidManifest.xml:297:22-64
uses-permission#android.permission.RECEIVE_SMS
ADDED from src/main/AndroidManifest.xml:298:5-70
	android:name
		ADDED from src/main/AndroidManifest.xml:298:22-67
permission#com.example.youxiangshenghuo.permission.JPUSH_MESSAGE
ADDED from src/main/AndroidManifest.xml:300:5-302:47
MERGED from [cn.jiguang.sdk:jpush:3.0.3] AndroidManifest.xml:11:5-13:47
	android:protectionLevel
		ADDED from src/main/AndroidManifest.xml:302:9-44
	android:name
		ADDED from src/main/AndroidManifest.xml:301:9-77
uses-permission#com.example.youxiangshenghuo.permission.JPUSH_MESSAGE
ADDED from src/main/AndroidManifest.xml:304:5-93
MERGED from [cn.jiguang.sdk:jpush:3.0.3] AndroidManifest.xml:16:5-81
	android:name
		ADDED from src/main/AndroidManifest.xml:304:22-90
uses-permission#android.permission.RECEIVE_USER_PRESENT
ADDED from src/main/AndroidManifest.xml:305:5-79
MERGED from [cn.jiguang.sdk:jpush:3.0.3] AndroidManifest.xml:17:5-79
MERGED from [cn.jiguang.sdk:jpush:3.0.3] AndroidManifest.xml:17:5-79
	android:name
		ADDED from src/main/AndroidManifest.xml:305:22-76
uses-permission#android.permission.INTERNET
ADDED from src/main/AndroidManifest.xml:306:5-67
MERGED from [cn.jiguang.sdk:jpush:3.0.3] AndroidManifest.xml:18:5-67
MERGED from [cn.jiguang.sdk:jpush:3.0.3] AndroidManifest.xml:18:5-67
	android:name
		ADDED from src/main/AndroidManifest.xml:306:22-64
uses-permission#android.permission.WAKE_LOCK
ADDED from src/main/AndroidManifest.xml:307:5-68
MERGED from [cn.jiguang.sdk:jpush:3.0.3] AndroidManifest.xml:19:5-68
MERGED from [cn.jiguang.sdk:jpush:3.0.3] AndroidManifest.xml:19:5-68
	android:name
		ADDED from src/main/AndroidManifest.xml:307:22-65
uses-permission#android.permission.WRITE_EXTERNAL_STORAGE
ADDED from src/main/AndroidManifest.xml:308:5-81
MERGED from [cn.jiguang.sdk:jpush:3.0.3] AndroidManifest.xml:21:5-81
MERGED from [cn.jiguang.sdk:jpush:3.0.3] AndroidManifest.xml:21:5-81
	android:name
		ADDED from src/main/AndroidManifest.xml:308:22-78
uses-permission#android.permission.READ_EXTERNAL_STORAGE